2024-03-11T12:08:13+00:00 CRITICAL Uncaught Error: Call to a member function getCode() on null in D:\xampp\htdocs\demowp\wp-content\plugins\post-smtp\Postman\Postman-Send-Test-Email\PostmanSendTestEmailController.php:345
Stack trace:
#0 D:\xampp\htdocs\demowp\wp-includes\class-wp-hook.php(324): PostmanSendTestEmailAjaxController->sendTestEmailViaAjax('')
#1 D:\xampp\htdocs\demowp\wp-includes\class-wp-hook.php(348): WP_Hook->apply_filters('', Array)
#2 D:\xampp\htdocs\demowp\wp-includes\plugin.php(517): WP_Hook->do_action(Array)
#3 D:\xampp\htdocs\demowp\wp-admin\admin-ajax.php(188): do_action('wp_ajax_postman...')
#4 {main}
  thrown en D:\xampp\htdocs\demowp\wp-content\plugins\post-smtp\Postman\Postman-Send-Test-Email\PostmanSendTestEmailController.php en la línea 345

2024-03-11T12:09:17+00:00 CRITICAL Uncaught Error: Call to a member function getCode() on null in D:\xampp\htdocs\demowp\wp-content\plugins\post-smtp\Postman\Postman-Send-Test-Email\PostmanSendTestEmailController.php:345
Stack trace:
#0 D:\xampp\htdocs\demowp\wp-includes\class-wp-hook.php(324): PostmanSendTestEmailAjaxController->sendTestEmailViaAjax('')
#1 D:\xampp\htdocs\demowp\wp-includes\class-wp-hook.php(348): WP_Hook->apply_filters('', Array)
#2 D:\xampp\htdocs\demowp\wp-includes\plugin.php(517): WP_Hook->do_action(Array)
#3 D:\xampp\htdocs\demowp\wp-admin\admin-ajax.php(188): do_action('wp_ajax_postman...')
#4 {main}
  thrown en D:\xampp\htdocs\demowp\wp-content\plugins\post-smtp\Postman\Postman-Send-Test-Email\PostmanSendTestEmailController.php en la línea 345

2024-03-11T12:12:25+00:00 CRITICAL Uncaught Error: Call to a member function getCode() on null in D:\xampp\htdocs\demowp\wp-content\plugins\post-smtp\Postman\Postman-Send-Test-Email\PostmanSendTestEmailController.php:345
Stack trace:
#0 D:\xampp\htdocs\demowp\wp-includes\class-wp-hook.php(324): PostmanSendTestEmailAjaxController->sendTestEmailViaAjax('')
#1 D:\xampp\htdocs\demowp\wp-includes\class-wp-hook.php(348): WP_Hook->apply_filters('', Array)
#2 D:\xampp\htdocs\demowp\wp-includes\plugin.php(517): WP_Hook->do_action(Array)
#3 D:\xampp\htdocs\demowp\wp-admin\admin-ajax.php(188): do_action('wp_ajax_postman...')
#4 {main}
  thrown en D:\xampp\htdocs\demowp\wp-content\plugins\post-smtp\Postman\Postman-Send-Test-Email\PostmanSendTestEmailController.php en la línea 345

